<?xml version="1.0" encoding="UTF-8"?>
<testsuite xmlns:xsi="http://www.w3.org/2001/XMLSchema-instance" xsi:noNamespaceSchemaLocation="https://maven.apache.org/surefire/maven-surefire-plugin/xsd/surefire-test-report-3.0.xsd" version="3.0" name="com.bookkeeper.service.FarmerServiceTest" time="0.038" tests="11" errors="0" skipped="0" failures="0">
  <properties>
    <property name="java.specification.version" value="18"/>
    <property name="sun.jnu.encoding" value="UTF-8"/>
    <property name="java.class.path" value="/Users/mark-4304/Workspace/book-keeper/target/test-classes:/Users/mark-4304/Workspace/book-keeper/target/classes:/Users/mark-4304/.m2/repository/org/springframework/boot/spring-boot-starter-web/2.7.12/spring-boot-starter-web-2.7.12.jar:/Users/mark-4304/.m2/repository/org/springframework/boot/spring-boot-starter/2.7.12/spring-boot-starter-2.7.12.jar:/Users/mark-4304/.m2/repository/org/springframework/boot/spring-boot/2.7.12/spring-boot-2.7.12.jar:/Users/mark-4304/.m2/repository/org/springframework/boot/spring-boot-autoconfigure/2.7.12/spring-boot-autoconfigure-2.7.12.jar:/Users/mark-4304/.m2/repository/org/springframework/boot/spring-boot-starter-logging/2.7.12/spring-boot-starter-logging-2.7.12.jar:/Users/mark-4304/.m2/repository/ch/qos/logback/logback-classic/1.2.12/logback-classic-1.2.12.jar:/Users/mark-4304/.m2/repository/ch/qos/logback/logback-core/1.2.12/logback-core-1.2.12.jar:/Users/mark-4304/.m2/repository/org/slf4j/slf4j-api/1.7.36/slf4j-api-1.7.36.jar:/Users/mark-4304/.m2/repository/org/apache/logging/log4j/log4j-to-slf4j/2.17.2/log4j-to-slf4j-2.17.2.jar:/Users/mark-4304/.m2/repository/org/apache/logging/log4j/log4j-api/2.17.2/log4j-api-2.17.2.jar:/Users/mark-4304/.m2/repository/org/slf4j/jul-to-slf4j/1.7.36/jul-to-slf4j-1.7.36.jar:/Users/mark-4304/.m2/repository/jakarta/annotation/jakarta.annotation-api/1.3.5/jakarta.annotation-api-1.3.5.jar:/Users/mark-4304/.m2/repository/org/springframework/spring-core/5.3.27/spring-core-5.3.27.jar:/Users/mark-4304/.m2/repository/org/springframework/spring-jcl/5.3.27/spring-jcl-5.3.27.jar:/Users/mark-4304/.m2/repository/org/yaml/snakeyaml/1.30/snakeyaml-1.30.jar:/Users/mark-4304/.m2/repository/org/springframework/boot/spring-boot-starter-json/2.7.12/spring-boot-starter-json-2.7.12.jar:/Users/mark-4304/.m2/repository/com/fasterxml/jackson/core/jackson-databind/2.13.5/jackson-databind-2.13.5.jar:/Users/mark-4304/.m2/repository/com/fasterxml/jackson/core/jackson-annotations/2.13.5/jackson-annotations-2.13.5.jar:/Users/mark-4304/.m2/repository/com/fasterxml/jackson/core/jackson-core/2.13.5/jackson-core-2.13.5.jar:/Users/mark-4304/.m2/repository/com/fasterxml/jackson/datatype/jackson-datatype-jdk8/2.13.5/jackson-datatype-jdk8-2.13.5.jar:/Users/mark-4304/.m2/repository/com/fasterxml/jackson/datatype/jackson-datatype-jsr310/2.13.5/jackson-datatype-jsr310-2.13.5.jar:/Users/mark-4304/.m2/repository/com/fasterxml/jackson/module/jackson-module-parameter-names/2.13.5/jackson-module-parameter-names-2.13.5.jar:/Users/mark-4304/.m2/repository/org/springframework/boot/spring-boot-starter-tomcat/2.7.12/spring-boot-starter-tomcat-2.7.12.jar:/Users/mark-4304/.m2/repository/org/apache/tomcat/embed/tomcat-embed-core/9.0.75/tomcat-embed-core-9.0.75.jar:/Users/mark-4304/.m2/repository/org/apache/tomcat/embed/tomcat-embed-el/9.0.75/tomcat-embed-el-9.0.75.jar:/Users/mark-4304/.m2/repository/org/apache/tomcat/embed/tomcat-embed-websocket/9.0.75/tomcat-embed-websocket-9.0.75.jar:/Users/mark-4304/.m2/repository/org/springframework/spring-web/5.3.27/spring-web-5.3.27.jar:/Users/mark-4304/.m2/repository/org/springframework/spring-beans/5.3.27/spring-beans-5.3.27.jar:/Users/mark-4304/.m2/repository/org/springframework/spring-webmvc/5.3.27/spring-webmvc-5.3.27.jar:/Users/mark-4304/.m2/repository/org/springframework/spring-aop/5.3.27/spring-aop-5.3.27.jar:/Users/mark-4304/.m2/repository/org/springframework/spring-context/5.3.27/spring-context-5.3.27.jar:/Users/mark-4304/.m2/repository/org/springframework/spring-expression/5.3.27/spring-expression-5.3.27.jar:/Users/mark-4304/.m2/repository/org/junit/jupiter/junit-jupiter-api/5.9.3/junit-jupiter-api-5.9.3.jar:/Users/mark-4304/.m2/repository/org/opentest4j/opentest4j/1.2.0/opentest4j-1.2.0.jar:/Users/mark-4304/.m2/repository/org/junit/platform/junit-platform-commons/1.8.2/junit-platform-commons-1.8.2.jar:/Users/mark-4304/.m2/repository/org/apiguardian/apiguardian-api/1.1.2/apiguardian-api-1.1.2.jar:/Users/mark-4304/.m2/repository/org/junit/jupiter/junit-jupiter-engine/5.9.3/junit-jupiter-engine-5.9.3.jar:/Users/mark-4304/.m2/repository/org/junit/platform/junit-platform-engine/1.8.2/junit-platform-engine-1.8.2.jar:"/>
    <property name="java.vm.vendor" value="Oracle Corporation"/>
    <property name="sun.arch.data.model" value="64"/>
    <property name="java.vendor.url" value="https://java.oracle.com/"/>
    <property name="os.name" value="Mac OS X"/>
    <property name="java.vm.specification.version" value="18"/>
    <property name="sun.java.launcher" value="SUN_STANDARD"/>
    <property name="user.country" value="IN"/>
    <property name="sun.boot.library.path" value="/Library/Java/JavaVirtualMachines/jdk-18.0.1.1.jdk/Contents/Home/lib"/>
    <property name="sun.java.command" value="/Users/mark-4304/Workspace/book-keeper/target/surefire/surefirebooter-20250621144146187_3.jar /Users/mark-4304/Workspace/book-keeper/target/surefire 2025-06-21T14-41-46_025-jvmRun1 surefire-20250621144146187_1tmp surefire_0-20250621144146187_2tmp"/>
    <property name="http.nonProxyHosts" value="127.0.0.1|127.0.0.0/8|*.127.0.0.0/8|::1|zohomeeting.com|*.zohomeeting.com|zohoassist.com|*.zohoassist.com|avcliq.zoho.com|*.avcliq.zoho.com|zohomeeting.com|*.zohomeeting.com|zohoassist.com|*.zohoassist.com|zohopublic.com|*.zohopublic.com|zohopublic.in|*.zohopublic.in|zohopublic.eu|*.zohopublic.eu|zohopublic.com.au|*.zohopublic.com.au|zohopublic.jp|*.zohopublic.jp|zohopublic.ca|*.zohopublic.ca|zohopublic.sa|*.zohopublic.sa|us4-wss-accl.zoho.com|*.us4-wss-accl.zoho.com|us4-wss.zoho.com|*.us4-wss.zoho.com|us3-wss-accl.zoho.com|*.us3-wss-accl.zoho.com|us3-wss.zoho.com|*.us3-wss.zoho.com|in2-wss.zoho.in|*.in2-wss.zoho.in|in1-wss.zoho.in|*.in1-wss.zoho.in|eu1-wss.zoho.eu|*.eu1-wss.zoho.eu|eu2-wss.zoho.eu|*.eu2-wss.zoho.eu|cn2-wss.zoho.com.cn|*.cn2-wss.zoho.com.cn|cn3-wss.zoho.com.cn|*.cn3-wss.zoho.com.cn|au1-wss.zoho.com.au|*.au1-wss.zoho.com.au|au2-wss.zoho.com.au|*.au2-wss.zoho.com.au|jp1-wss.zoho.jp|*.jp1-wss.zoho.jp|jp2-wss.zoho.jp|*.jp2-wss.zoho.jp|ca1-wss.zohocloud.ca|*.ca1-wss.zohocloud.ca|ca2-wss.zohocloud.ca|*.ca2-wss.zohocloud.ca|sa1-wss.zoho.sa|*.sa1-wss.zoho.sa|sa2-wss.zoho.sa|*.sa2-wss.zoho.sa|in1-wss.arattai.in|*.in1-wss.arattai.in|in2-wss.arattai.in|*.in2-wss.arattai.in|preus4-wss.zoho.com|*.preus4-wss.zoho.com|preus3-wss.zoho.com|*.preus3-wss.zoho.com|us4-wss-pop.zoho.com|*.us4-wss-pop.zoho.com|us3-wss-pop.zoho.com|*.us3-wss-pop.zoho.com|in2-wss-pop.zoho.in|*.in2-wss-pop.zoho.in|in1-wss-pop.zoho.in|*.in1-wss-pop.zoho.in|eu1-wss-pop.zoho.eu|*.eu1-wss-pop.zoho.eu|eu2-wss-pop.zoho.eu|*.eu2-wss-pop.zoho.eu|cn2-wss-pop.zoho.com.cn|*.cn2-wss-pop.zoho.com.cn|cn3-wss-pop.zoho.com.cn|*.cn3-wss-pop.zoho.com.cn|au1-wss-pop.zoho.com.au|*.au1-wss-pop.zoho.com.au|au2-wss-pop.zoho.com.au|*.au2-wss-pop.zoho.com.au|jp1-wss-pop.zoho.jp|*.jp1-wss-pop.zoho.jp|jp2-wss-pop.zoho.jp|*.jp2-wss-pop.zoho.jp|ca1-wss-pop.zohocloud.ca|*.ca1-wss-pop.zohocloud.ca|ca2-wss-pop.zohocloud.ca|*.ca2-wss-pop.zohocloud.ca|sa1-wss-pop.zoho.sa|*.sa1-wss-pop.zoho.sa|sa2-wss-pop.zoho.sa|*.sa2-wss-pop.zoho.sa|in2-prewss-pop.zoho.in|*.in2-prewss-pop.zoho.in|in1-prewss-pop.zoho.in|*.in1-prewss-pop.zoho.in|us4-wss-vod.zoho.com|*.us4-wss-vod.zoho.com|us3-wss-vod.zoho.com|*.us3-wss-vod.zoho.com|in2-wss-vod.zoho.in|*.in2-wss-vod.zoho.in|in1-wss-vod.zoho.in|*.in1-wss-vod.zoho.in|eu1-wss-vod.zoho.eu|*.eu1-wss-vod.zoho.eu|eu2-wss-vod.zoho.eu|*.eu2-wss-vod.zoho.eu|cn2-wss-vod.zoho.com.cn|*.cn2-wss-vod.zoho.com.cn|cn3-wss-vod.zoho.com.cn|*.cn3-wss-vod.zoho.com.cn|au1-wss-vod.zoho.com.au|*.au1-wss-vod.zoho.com.au|au2-wss-vod.zoho.com.au|*.au2-wss-vod.zoho.com.au|jp1-wss-vod.zoho.jp|*.jp1-wss-vod.zoho.jp|jp2-wss-vod.zoho.jp|*.jp2-wss-vod.zoho.jp|ca1-wss-vod.zohocloud.ca|*.ca1-wss-vod.zohocloud.ca|ca2-wss-vod.zohocloud.ca|*.ca2-wss-vod.zohocloud.ca|sa1-wss-vod.zoho.sa|*.sa1-wss-vod.zoho.sa|sa2-wss-vod.zoho.sa|*.sa2-wss-vod.zoho.sa|in1-wss-vod.arattai.in|*.in1-wss-vod.arattai.in|in2-wss-vod.arattai.in|*.in2-wss-vod.arattai.in|us4-prewss-vod.zoho.com|*.us4-prewss-vod.zoho.com|us3-prewss-vod.zoho.com|*.us3-prewss-vod.zoho.com|zohoconference.com|*.zohoconference.com"/>
    <property name="jdk.debug" value="release"/>
    <property name="surefire.test.class.path" value="/Users/mark-4304/Workspace/book-keeper/target/test-classes:/Users/mark-4304/Workspace/book-keeper/target/classes:/Users/mark-4304/.m2/repository/org/springframework/boot/spring-boot-starter-web/2.7.12/spring-boot-starter-web-2.7.12.jar:/Users/mark-4304/.m2/repository/org/springframework/boot/spring-boot-starter/2.7.12/spring-boot-starter-2.7.12.jar:/Users/mark-4304/.m2/repository/org/springframework/boot/spring-boot/2.7.12/spring-boot-2.7.12.jar:/Users/mark-4304/.m2/repository/org/springframework/boot/spring-boot-autoconfigure/2.7.12/spring-boot-autoconfigure-2.7.12.jar:/Users/mark-4304/.m2/repository/org/springframework/boot/spring-boot-starter-logging/2.7.12/spring-boot-starter-logging-2.7.12.jar:/Users/mark-4304/.m2/repository/ch/qos/logback/logback-classic/1.2.12/logback-classic-1.2.12.jar:/Users/mark-4304/.m2/repository/ch/qos/logback/logback-core/1.2.12/logback-core-1.2.12.jar:/Users/mark-4304/.m2/repository/org/slf4j/slf4j-api/1.7.36/slf4j-api-1.7.36.jar:/Users/mark-4304/.m2/repository/org/apache/logging/log4j/log4j-to-slf4j/2.17.2/log4j-to-slf4j-2.17.2.jar:/Users/mark-4304/.m2/repository/org/apache/logging/log4j/log4j-api/2.17.2/log4j-api-2.17.2.jar:/Users/mark-4304/.m2/repository/org/slf4j/jul-to-slf4j/1.7.36/jul-to-slf4j-1.7.36.jar:/Users/mark-4304/.m2/repository/jakarta/annotation/jakarta.annotation-api/1.3.5/jakarta.annotation-api-1.3.5.jar:/Users/mark-4304/.m2/repository/org/springframework/spring-core/5.3.27/spring-core-5.3.27.jar:/Users/mark-4304/.m2/repository/org/springframework/spring-jcl/5.3.27/spring-jcl-5.3.27.jar:/Users/mark-4304/.m2/repository/org/yaml/snakeyaml/1.30/snakeyaml-1.30.jar:/Users/mark-4304/.m2/repository/org/springframework/boot/spring-boot-starter-json/2.7.12/spring-boot-starter-json-2.7.12.jar:/Users/mark-4304/.m2/repository/com/fasterxml/jackson/core/jackson-databind/2.13.5/jackson-databind-2.13.5.jar:/Users/mark-4304/.m2/repository/com/fasterxml/jackson/core/jackson-annotations/2.13.5/jackson-annotations-2.13.5.jar:/Users/mark-4304/.m2/repository/com/fasterxml/jackson/core/jackson-core/2.13.5/jackson-core-2.13.5.jar:/Users/mark-4304/.m2/repository/com/fasterxml/jackson/datatype/jackson-datatype-jdk8/2.13.5/jackson-datatype-jdk8-2.13.5.jar:/Users/mark-4304/.m2/repository/com/fasterxml/jackson/datatype/jackson-datatype-jsr310/2.13.5/jackson-datatype-jsr310-2.13.5.jar:/Users/mark-4304/.m2/repository/com/fasterxml/jackson/module/jackson-module-parameter-names/2.13.5/jackson-module-parameter-names-2.13.5.jar:/Users/mark-4304/.m2/repository/org/springframework/boot/spring-boot-starter-tomcat/2.7.12/spring-boot-starter-tomcat-2.7.12.jar:/Users/mark-4304/.m2/repository/org/apache/tomcat/embed/tomcat-embed-core/9.0.75/tomcat-embed-core-9.0.75.jar:/Users/mark-4304/.m2/repository/org/apache/tomcat/embed/tomcat-embed-el/9.0.75/tomcat-embed-el-9.0.75.jar:/Users/mark-4304/.m2/repository/org/apache/tomcat/embed/tomcat-embed-websocket/9.0.75/tomcat-embed-websocket-9.0.75.jar:/Users/mark-4304/.m2/repository/org/springframework/spring-web/5.3.27/spring-web-5.3.27.jar:/Users/mark-4304/.m2/repository/org/springframework/spring-beans/5.3.27/spring-beans-5.3.27.jar:/Users/mark-4304/.m2/repository/org/springframework/spring-webmvc/5.3.27/spring-webmvc-5.3.27.jar:/Users/mark-4304/.m2/repository/org/springframework/spring-aop/5.3.27/spring-aop-5.3.27.jar:/Users/mark-4304/.m2/repository/org/springframework/spring-context/5.3.27/spring-context-5.3.27.jar:/Users/mark-4304/.m2/repository/org/springframework/spring-expression/5.3.27/spring-expression-5.3.27.jar:/Users/mark-4304/.m2/repository/org/junit/jupiter/junit-jupiter-api/5.9.3/junit-jupiter-api-5.9.3.jar:/Users/mark-4304/.m2/repository/org/opentest4j/opentest4j/1.2.0/opentest4j-1.2.0.jar:/Users/mark-4304/.m2/repository/org/junit/platform/junit-platform-commons/1.8.2/junit-platform-commons-1.8.2.jar:/Users/mark-4304/.m2/repository/org/apiguardian/apiguardian-api/1.1.2/apiguardian-api-1.1.2.jar:/Users/mark-4304/.m2/repository/org/junit/jupiter/junit-jupiter-engine/5.9.3/junit-jupiter-engine-5.9.3.jar:/Users/mark-4304/.m2/repository/org/junit/platform/junit-platform-engine/1.8.2/junit-platform-engine-1.8.2.jar:"/>
    <property name="sun.cpu.endian" value="little"/>
    <property name="user.home" value="/Users/mark-4304"/>
    <property name="user.language" value="en"/>
    <property name="java.specification.vendor" value="Oracle Corporation"/>
    <property name="java.version.date" value="2022-04-22"/>
    <property name="java.home" value="/Library/Java/JavaVirtualMachines/jdk-18.0.1.1.jdk/Contents/Home"/>
    <property name="file.separator" value="/"/>
    <property name="basedir" value="/Users/mark-4304/Workspace/book-keeper"/>
    <property name="java.vm.compressedOopsMode" value="Zero based"/>
    <property name="line.separator" value="&#10;"/>
    <property name="java.specification.name" value="Java Platform API Specification"/>
    <property name="java.vm.specification.vendor" value="Oracle Corporation"/>
    <property name="apple.awt.application.name" value="ForkedBooter"/>
    <property name="surefire.real.class.path" value="/Users/mark-4304/Workspace/book-keeper/target/surefire/surefirebooter-20250621144146187_3.jar"/>
    <property name="sun.management.compiler" value="HotSpot 64-Bit Tiered Compilers"/>
    <property name="ftp.nonProxyHosts" value="127.0.0.1|127.0.0.0/8|*.127.0.0.0/8|::1|zohomeeting.com|*.zohomeeting.com|zohoassist.com|*.zohoassist.com|avcliq.zoho.com|*.avcliq.zoho.com|zohomeeting.com|*.zohomeeting.com|zohoassist.com|*.zohoassist.com|zohopublic.com|*.zohopublic.com|zohopublic.in|*.zohopublic.in|zohopublic.eu|*.zohopublic.eu|zohopublic.com.au|*.zohopublic.com.au|zohopublic.jp|*.zohopublic.jp|zohopublic.ca|*.zohopublic.ca|zohopublic.sa|*.zohopublic.sa|us4-wss-accl.zoho.com|*.us4-wss-accl.zoho.com|us4-wss.zoho.com|*.us4-wss.zoho.com|us3-wss-accl.zoho.com|*.us3-wss-accl.zoho.com|us3-wss.zoho.com|*.us3-wss.zoho.com|in2-wss.zoho.in|*.in2-wss.zoho.in|in1-wss.zoho.in|*.in1-wss.zoho.in|eu1-wss.zoho.eu|*.eu1-wss.zoho.eu|eu2-wss.zoho.eu|*.eu2-wss.zoho.eu|cn2-wss.zoho.com.cn|*.cn2-wss.zoho.com.cn|cn3-wss.zoho.com.cn|*.cn3-wss.zoho.com.cn|au1-wss.zoho.com.au|*.au1-wss.zoho.com.au|au2-wss.zoho.com.au|*.au2-wss.zoho.com.au|jp1-wss.zoho.jp|*.jp1-wss.zoho.jp|jp2-wss.zoho.jp|*.jp2-wss.zoho.jp|ca1-wss.zohocloud.ca|*.ca1-wss.zohocloud.ca|ca2-wss.zohocloud.ca|*.ca2-wss.zohocloud.ca|sa1-wss.zoho.sa|*.sa1-wss.zoho.sa|sa2-wss.zoho.sa|*.sa2-wss.zoho.sa|in1-wss.arattai.in|*.in1-wss.arattai.in|in2-wss.arattai.in|*.in2-wss.arattai.in|preus4-wss.zoho.com|*.preus4-wss.zoho.com|preus3-wss.zoho.com|*.preus3-wss.zoho.com|us4-wss-pop.zoho.com|*.us4-wss-pop.zoho.com|us3-wss-pop.zoho.com|*.us3-wss-pop.zoho.com|in2-wss-pop.zoho.in|*.in2-wss-pop.zoho.in|in1-wss-pop.zoho.in|*.in1-wss-pop.zoho.in|eu1-wss-pop.zoho.eu|*.eu1-wss-pop.zoho.eu|eu2-wss-pop.zoho.eu|*.eu2-wss-pop.zoho.eu|cn2-wss-pop.zoho.com.cn|*.cn2-wss-pop.zoho.com.cn|cn3-wss-pop.zoho.com.cn|*.cn3-wss-pop.zoho.com.cn|au1-wss-pop.zoho.com.au|*.au1-wss-pop.zoho.com.au|au2-wss-pop.zoho.com.au|*.au2-wss-pop.zoho.com.au|jp1-wss-pop.zoho.jp|*.jp1-wss-pop.zoho.jp|jp2-wss-pop.zoho.jp|*.jp2-wss-pop.zoho.jp|ca1-wss-pop.zohocloud.ca|*.ca1-wss-pop.zohocloud.ca|ca2-wss-pop.zohocloud.ca|*.ca2-wss-pop.zohocloud.ca|sa1-wss-pop.zoho.sa|*.sa1-wss-pop.zoho.sa|sa2-wss-pop.zoho.sa|*.sa2-wss-pop.zoho.sa|in2-prewss-pop.zoho.in|*.in2-prewss-pop.zoho.in|in1-prewss-pop.zoho.in|*.in1-prewss-pop.zoho.in|us4-wss-vod.zoho.com|*.us4-wss-vod.zoho.com|us3-wss-vod.zoho.com|*.us3-wss-vod.zoho.com|in2-wss-vod.zoho.in|*.in2-wss-vod.zoho.in|in1-wss-vod.zoho.in|*.in1-wss-vod.zoho.in|eu1-wss-vod.zoho.eu|*.eu1-wss-vod.zoho.eu|eu2-wss-vod.zoho.eu|*.eu2-wss-vod.zoho.eu|cn2-wss-vod.zoho.com.cn|*.cn2-wss-vod.zoho.com.cn|cn3-wss-vod.zoho.com.cn|*.cn3-wss-vod.zoho.com.cn|au1-wss-vod.zoho.com.au|*.au1-wss-vod.zoho.com.au|au2-wss-vod.zoho.com.au|*.au2-wss-vod.zoho.com.au|jp1-wss-vod.zoho.jp|*.jp1-wss-vod.zoho.jp|jp2-wss-vod.zoho.jp|*.jp2-wss-vod.zoho.jp|ca1-wss-vod.zohocloud.ca|*.ca1-wss-vod.zohocloud.ca|ca2-wss-vod.zohocloud.ca|*.ca2-wss-vod.zohocloud.ca|sa1-wss-vod.zoho.sa|*.sa1-wss-vod.zoho.sa|sa2-wss-vod.zoho.sa|*.sa2-wss-vod.zoho.sa|in1-wss-vod.arattai.in|*.in1-wss-vod.arattai.in|in2-wss-vod.arattai.in|*.in2-wss-vod.arattai.in|us4-prewss-vod.zoho.com|*.us4-prewss-vod.zoho.com|us3-prewss-vod.zoho.com|*.us3-prewss-vod.zoho.com|zohoconference.com|*.zohoconference.com"/>
    <property name="java.runtime.version" value="18.0.1.1+2-6"/>
    <property name="user.name" value="mark-4304"/>
    <property name="path.separator" value=":"/>
    <property name="os.version" value="14.7.6"/>
    <property name="java.runtime.name" value="Java(TM) SE Runtime Environment"/>
    <property name="file.encoding" value="UTF-8"/>
    <property name="java.vm.name" value="Java HotSpot(TM) 64-Bit Server VM"/>
    <property name="localRepository" value="/Users/mark-4304/.m2/repository"/>
    <property name="java.vendor.url.bug" value="https://bugreport.java.com/bugreport/"/>
    <property name="java.io.tmpdir" value="/var/folders/lw/b7whbkns019_wlkh9521fdxhgjczk1/T/"/>
    <property name="java.version" value="18.0.1.1"/>
    <property name="user.dir" value="/Users/mark-4304/Workspace/book-keeper"/>
    <property name="os.arch" value="aarch64"/>
    <property name="java.vm.specification.name" value="Java Virtual Machine Specification"/>
    <property name="native.encoding" value="UTF-8"/>
    <property name="java.library.path" value="/Users/mark-4304/Library/Java/Extensions:/Library/Java/Extensions:/Network/Library/Java/Extensions:/System/Library/Java/Extensions:/usr/lib/java:."/>
    <property name="java.vm.info" value="mixed mode, sharing"/>
    <property name="java.vendor" value="Oracle Corporation"/>
    <property name="java.vm.version" value="18.0.1.1+2-6"/>
    <property name="sun.io.unicode.encoding" value="UnicodeBig"/>
    <property name="socksNonProxyHosts" value="127.0.0.1|127.0.0.0/8|*.127.0.0.0/8|::1|zohomeeting.com|*.zohomeeting.com|zohoassist.com|*.zohoassist.com|avcliq.zoho.com|*.avcliq.zoho.com|zohomeeting.com|*.zohomeeting.com|zohoassist.com|*.zohoassist.com|zohopublic.com|*.zohopublic.com|zohopublic.in|*.zohopublic.in|zohopublic.eu|*.zohopublic.eu|zohopublic.com.au|*.zohopublic.com.au|zohopublic.jp|*.zohopublic.jp|zohopublic.ca|*.zohopublic.ca|zohopublic.sa|*.zohopublic.sa|us4-wss-accl.zoho.com|*.us4-wss-accl.zoho.com|us4-wss.zoho.com|*.us4-wss.zoho.com|us3-wss-accl.zoho.com|*.us3-wss-accl.zoho.com|us3-wss.zoho.com|*.us3-wss.zoho.com|in2-wss.zoho.in|*.in2-wss.zoho.in|in1-wss.zoho.in|*.in1-wss.zoho.in|eu1-wss.zoho.eu|*.eu1-wss.zoho.eu|eu2-wss.zoho.eu|*.eu2-wss.zoho.eu|cn2-wss.zoho.com.cn|*.cn2-wss.zoho.com.cn|cn3-wss.zoho.com.cn|*.cn3-wss.zoho.com.cn|au1-wss.zoho.com.au|*.au1-wss.zoho.com.au|au2-wss.zoho.com.au|*.au2-wss.zoho.com.au|jp1-wss.zoho.jp|*.jp1-wss.zoho.jp|jp2-wss.zoho.jp|*.jp2-wss.zoho.jp|ca1-wss.zohocloud.ca|*.ca1-wss.zohocloud.ca|ca2-wss.zohocloud.ca|*.ca2-wss.zohocloud.ca|sa1-wss.zoho.sa|*.sa1-wss.zoho.sa|sa2-wss.zoho.sa|*.sa2-wss.zoho.sa|in1-wss.arattai.in|*.in1-wss.arattai.in|in2-wss.arattai.in|*.in2-wss.arattai.in|preus4-wss.zoho.com|*.preus4-wss.zoho.com|preus3-wss.zoho.com|*.preus3-wss.zoho.com|us4-wss-pop.zoho.com|*.us4-wss-pop.zoho.com|us3-wss-pop.zoho.com|*.us3-wss-pop.zoho.com|in2-wss-pop.zoho.in|*.in2-wss-pop.zoho.in|in1-wss-pop.zoho.in|*.in1-wss-pop.zoho.in|eu1-wss-pop.zoho.eu|*.eu1-wss-pop.zoho.eu|eu2-wss-pop.zoho.eu|*.eu2-wss-pop.zoho.eu|cn2-wss-pop.zoho.com.cn|*.cn2-wss-pop.zoho.com.cn|cn3-wss-pop.zoho.com.cn|*.cn3-wss-pop.zoho.com.cn|au1-wss-pop.zoho.com.au|*.au1-wss-pop.zoho.com.au|au2-wss-pop.zoho.com.au|*.au2-wss-pop.zoho.com.au|jp1-wss-pop.zoho.jp|*.jp1-wss-pop.zoho.jp|jp2-wss-pop.zoho.jp|*.jp2-wss-pop.zoho.jp|ca1-wss-pop.zohocloud.ca|*.ca1-wss-pop.zohocloud.ca|ca2-wss-pop.zohocloud.ca|*.ca2-wss-pop.zohocloud.ca|sa1-wss-pop.zoho.sa|*.sa1-wss-pop.zoho.sa|sa2-wss-pop.zoho.sa|*.sa2-wss-pop.zoho.sa|in2-prewss-pop.zoho.in|*.in2-prewss-pop.zoho.in|in1-prewss-pop.zoho.in|*.in1-prewss-pop.zoho.in|us4-wss-vod.zoho.com|*.us4-wss-vod.zoho.com|us3-wss-vod.zoho.com|*.us3-wss-vod.zoho.com|in2-wss-vod.zoho.in|*.in2-wss-vod.zoho.in|in1-wss-vod.zoho.in|*.in1-wss-vod.zoho.in|eu1-wss-vod.zoho.eu|*.eu1-wss-vod.zoho.eu|eu2-wss-vod.zoho.eu|*.eu2-wss-vod.zoho.eu|cn2-wss-vod.zoho.com.cn|*.cn2-wss-vod.zoho.com.cn|cn3-wss-vod.zoho.com.cn|*.cn3-wss-vod.zoho.com.cn|au1-wss-vod.zoho.com.au|*.au1-wss-vod.zoho.com.au|au2-wss-vod.zoho.com.au|*.au2-wss-vod.zoho.com.au|jp1-wss-vod.zoho.jp|*.jp1-wss-vod.zoho.jp|jp2-wss-vod.zoho.jp|*.jp2-wss-vod.zoho.jp|ca1-wss-vod.zohocloud.ca|*.ca1-wss-vod.zohocloud.ca|ca2-wss-vod.zohocloud.ca|*.ca2-wss-vod.zohocloud.ca|sa1-wss-vod.zoho.sa|*.sa1-wss-vod.zoho.sa|sa2-wss-vod.zoho.sa|*.sa2-wss-vod.zoho.sa|in1-wss-vod.arattai.in|*.in1-wss-vod.arattai.in|in2-wss-vod.arattai.in|*.in2-wss-vod.arattai.in|us4-prewss-vod.zoho.com|*.us4-prewss-vod.zoho.com|us3-prewss-vod.zoho.com|*.us3-prewss-vod.zoho.com|zohoconference.com|*.zohoconference.com"/>
    <property name="java.class.version" value="62.0"/>
  </properties>
  <testcase name="testListFarmers" classname="com.bookkeeper.service.FarmerServiceTest" time="0.012"/>
  <testcase name="testRecordRepaymentSuccess" classname="com.bookkeeper.service.FarmerServiceTest" time="0.001"/>
  <testcase name="testUpdateFarmer" classname="com.bookkeeper.service.FarmerServiceTest" time="0.001"/>
  <testcase name="testRemoveFarmer" classname="com.bookkeeper.service.FarmerServiceTest" time="0.001"/>
  <testcase name="testRemoveNonexistent" classname="com.bookkeeper.service.FarmerServiceTest" time="0.001"/>
  <testcase name="testRecordAdvanceOverLimit" classname="com.bookkeeper.service.FarmerServiceTest" time="0.001"/>
  <testcase name="testIdUniqueness" classname="com.bookkeeper.service.FarmerServiceTest" time="0"/>
  <testcase name="testRecordAdvanceSuccess" classname="com.bookkeeper.service.FarmerServiceTest" time="0.001"/>
  <testcase name="testRecordRepaymentBelowZero" classname="com.bookkeeper.service.FarmerServiceTest" time="0"/>
  <testcase name="testUpdateNonexistent" classname="com.bookkeeper.service.FarmerServiceTest" time="0"/>
  <testcase name="testAddAndGetFarmer" classname="com.bookkeeper.service.FarmerServiceTest" time="0.001"/>
</testsuite>